\BOOKMARK [1][-]{abstract.1}{\376\377\000A\000b\000s\000t\000r\000a\000c\000t}{}% 1
\BOOKMARK [1][-]{toc.1}{\376\377\000T\000a\000b\000l\000e\000\040\000o\000f\000\040\000C\000o\000n\000t\000e\000n\000t\000s}{}% 2
\BOOKMARK [0][-]{chapter*.2}{\376\377\000L\000i\000s\000t\000\040\000o\000f\000\040\000F\000i\000g\000u\000r\000e\000s}{}% 3
\BOOKMARK [0][-]{chapter*.3}{\376\377\000L\000i\000s\000t\000\040\000o\000f\000\040\000T\000a\000b\000l\000e\000s}{}% 4
\BOOKMARK [0][-]{chapter*.4}{\376\377\000P\000u\000b\000l\000i\000c\000a\000t\000i\000o\000n\000s}{}% 5
\BOOKMARK [0][-]{chapter.1}{\376\377\000I\000n\000t\000r\000o\000d\000u\000c\000t\000i\000o\000n}{}% 6
\BOOKMARK [1][-]{section.1.1}{\376\377\000O\000v\000e\000r\000v\000i\000e\000w}{chapter.1}% 7
\BOOKMARK [1][-]{section.1.2}{\376\377\000O\000r\000g\000a\000n\000i\000z\000a\000t\000i\000o\000n}{chapter.1}% 8
\BOOKMARK [0][-]{chapter.2}{\376\377\000L\000i\000t\000e\000r\000a\000t\000u\000r\000e\000\040\000R\000e\000v\000i\000e\000w}{}% 9
\BOOKMARK [1][-]{section.2.1}{\376\377\000L\000a\000n\000g\000u\000a\000g\000e\000\040\000B\000a\000s\000e\000d\000\040\000V\000i\000d\000e\000o\000\040\000S\000e\000l\000f\000-\000S\000u\000p\000e\000r\000v\000i\000s\000e\000d\000\040\000L\000e\000a\000r\000n\000i\000n\000g}{chapter.2}% 10
\BOOKMARK [1][-]{section.2.2}{\376\377\000S\000p\000a\000t\000i\000a\000l\000\040\000R\000e\000a\000s\000o\000n\000i\000n\000g\000\040\000i\000n\000\040\000V\000i\000s\000u\000a\000l\000-\000L\000L\000M\000s}{chapter.2}% 11
\BOOKMARK [1][-]{section.2.3}{\376\377\000M\000u\000l\000t\000i\000m\000o\000d\000a\000l\000\040\000L\000a\000n\000g\000u\000a\000g\000e\000\040\000M\000o\000d\000e\000l\000s\000\040\000f\000o\000r\000\040\000L\000o\000n\000g\000\040\000V\000i\000d\000e\000o\000s}{chapter.2}% 12
\BOOKMARK [1][-]{section.2.4}{\376\377\000L\000e\000a\000r\000n\000i\000n\000g\000\040\000M\000o\000t\000i\000o\000n\000\040\000R\000e\000p\000r\000e\000s\000e\000n\000t\000a\000t\000i\000o\000n\000s\000\040\000f\000r\000o\000m\000\040\000V\000i\000d\000e\000o\000s}{chapter.2}% 13
\BOOKMARK [0][-]{chapter.3}{\376\377\000L\000a\000n\000g\000u\000a\000g\000e\000\040\000B\000a\000s\000e\000d\000\040\000V\000i\000d\000e\000o\000\040\000S\000e\000l\000f\000-\000S\000u\000p\000e\000r\000v\000i\000s\000e\000d\000\040\000L\000e\000a\000r\000n\000i\000n\000g}{}% 14
\BOOKMARK [1][-]{section.3.1}{\376\377\000I\000n\000t\000r\000o\000d\000u\000c\000t\000i\000o\000n}{chapter.3}% 15
\BOOKMARK [1][-]{section.3.2}{\376\377\000L\000a\000n\000g\000u\000a\000g\000e\000-\000b\000a\000s\000e\000d\000\040\000S\000e\000l\000f\000-\000S\000u\000p\000e\000r\000v\000i\000s\000i\000o\000n\000\040\000\050\000L\000S\000S\000\051}{chapter.3}% 16
\BOOKMARK [2][-]{subsection.3.2.1}{\376\377\000B\000a\000c\000k\000b\000o\000n\000e\000\040\000A\000r\000c\000h\000i\000t\000e\000c\000t\000u\000r\000e}{section.3.2}% 17
\BOOKMARK [2][-]{subsection.3.2.2}{\376\377\000A\000c\000t\000i\000o\000n\000\040\000C\000o\000n\000c\000e\000p\000t\000\040\000S\000p\000a\000c\000e\000s}{section.3.2}% 18
\BOOKMARK [2][-]{subsection.3.2.3}{\376\377\000C\000o\000n\000c\000e\000p\000t\000\040\000D\000i\000s\000t\000i\000l\000l\000a\000t\000i\000o\000n}{section.3.2}% 19
\BOOKMARK [2][-]{subsection.3.2.4}{\376\377\000U\000n\000i\000f\000o\000r\000m\000\040\000D\000i\000s\000t\000r\000i\000b\000u\000t\000i\000o\000n\000\040\000P\000r\000i\000o\000r}{section.3.2}% 20
\BOOKMARK [2][-]{subsection.3.2.5}{\376\377\000C\000o\000n\000c\000e\000p\000t\000\040\000A\000l\000i\000g\000n\000m\000e\000n\000t}{section.3.2}% 21
\BOOKMARK [2][-]{subsection.3.2.6}{\376\377\000C\000o\000n\000c\000e\000p\000t\000\040\000S\000p\000a\000c\000e\000\040\000V\000a\000r\000i\000a\000n\000t\000s}{section.3.2}% 22
\BOOKMARK [1][-]{section.3.3}{\376\377\000E\000x\000p\000e\000r\000i\000m\000e\000n\000t\000s}{chapter.3}% 23
\BOOKMARK [2][-]{subsection.3.3.1}{\376\377\000L\000i\000n\000e\000a\000r\000-\000P\000r\000o\000b\000i\000n\000g\000\040\000A\000n\000a\000l\000y\000s\000i\000s}{section.3.3}% 24
\BOOKMARK [2][-]{subsection.3.3.2}{\376\377\000Z\000e\000r\000o\000-\000S\000h\000o\000t\000\040\000A\000n\000a\000l\000y\000s\000i\000s}{section.3.3}% 25
\BOOKMARK [2][-]{subsection.3.3.3}{\376\377\000A\000b\000l\000a\000t\000i\000o\000n\000s}{section.3.3}% 26
\BOOKMARK [1][-]{section.3.4}{\376\377\000C\000o\000n\000c\000l\000u\000s\000i\000o\000n}{chapter.3}% 27
\BOOKMARK [1][-]{section.3.5}{\376\377\000A\000d\000d\000i\000t\000i\000o\000n\000a\000l\000\040\000D\000e\000t\000a\000i\000l\000s}{chapter.3}% 28
\BOOKMARK [2][-]{subsection.3.5.1}{\376\377\000P\000r\000o\000m\000p\000t\000i\000n\000g\000\040\000d\000e\000t\000a\000i\000l\000s}{section.3.5}% 29
\BOOKMARK [2][-]{subsection.3.5.2}{\376\377\000A\000d\000d\000i\000t\000i\000o\000n\000a\000l\000\040\000E\000x\000p\000e\000r\000i\000m\000e\000n\000t\000s}{section.3.5}% 30
\BOOKMARK [0][-]{chapter.4}{\376\377\000L\000e\000a\000r\000n\000i\000n\000g\000\040\000t\000o\000\040\000L\000o\000c\000a\000l\000i\000z\000e\000\040\000O\000b\000j\000e\000c\000t\000s\000\040\000I\000m\000p\000r\000o\000v\000e\000s\000\040\000S\000p\000a\000t\000i\000a\000l\000\040\000R\000e\000a\000s\000o\000n\000i\000n\000g\000\040\000i\000n\000\040\000V\000i\000s\000u\000a\000l\000-\000L\000L\000M\000s}{}% 31
\BOOKMARK [1][-]{section.4.1}{\376\377\000I\000n\000t\000r\000o\000d\000u\000c\000t\000i\000o\000n}{chapter.4}% 32
\BOOKMARK [1][-]{section.4.2}{\376\377\000M\000e\000t\000h\000o\000d}{chapter.4}% 33
\BOOKMARK [2][-]{subsection.4.2.1}{\376\377\000A\000r\000c\000h\000i\000t\000e\000c\000t\000u\000r\000e\000\040\000a\000n\000d\000\040\000T\000r\000a\000i\000n\000i\000n\000g}{section.4.2}% 34
\BOOKMARK [2][-]{subsection.4.2.2}{\376\377\000C\000o\000o\000r\000d\000i\000n\000a\000t\000e\000\040\000P\000r\000o\000c\000e\000s\000s\000i\000n\000g\000\040\000a\000n\000d\000\040\000G\000e\000n\000e\000r\000a\000t\000i\000o\000n}{section.4.2}% 35
\BOOKMARK [2][-]{subsection.4.2.3}{\376\377\000I\000n\000s\000t\000r\000u\000c\000t\000i\000o\000n\000\040\000F\000i\000n\000e\000-\000T\000u\000n\000i\000n\000g\000\040\000O\000b\000j\000e\000c\000t\000i\000v\000e\000s}{section.4.2}% 36
\BOOKMARK [2][-]{subsection.4.2.4}{\376\377\000P\000s\000e\000u\000d\000o\000-\000D\000a\000t\000a\000\040\000G\000e\000n\000e\000r\000a\000t\000i\000o\000n}{section.4.2}% 37
\BOOKMARK [2][-]{subsection.4.2.5}{\376\377\000V\000i\000d\000e\000o\000\040\000D\000o\000m\000a\000i\000n\000\040\000O\000p\000e\000r\000a\000t\000i\000o\000n}{section.4.2}% 38
\BOOKMARK [1][-]{section.4.3}{\376\377\000E\000x\000p\000e\000r\000i\000m\000e\000n\000t\000s}{chapter.4}% 39
\BOOKMARK [2][-]{subsection.4.3.1}{\376\377\000E\000x\000p\000e\000r\000i\000m\000e\000n\000t\000a\000l\000\040\000S\000e\000t\000u\000p}{section.4.3}% 40
\BOOKMARK [2][-]{subsection.4.3.2}{\376\377\000S\000p\000a\000t\000i\000a\000l\000\040\000R\000e\000a\000s\000o\000n\000i\000n\000g\000:\000\040\000A\000\040\000T\000o\000y\000\040\000E\000x\000p\000e\000r\000i\000m\000e\000n\000t}{section.4.3}% 41
\BOOKMARK [2][-]{subsection.4.3.3}{\376\377\000I\000m\000a\000g\000e\000\040\000V\000Q\000A}{section.4.3}% 42
\BOOKMARK [2][-]{subsection.4.3.4}{\376\377\000V\000i\000d\000e\000o\000\040\000V\000Q\000A}{section.4.3}% 43
\BOOKMARK [2][-]{subsection.4.3.5}{\376\377\000O\000b\000j\000e\000c\000t\000\040\000H\000a\000l\000l\000u\000c\000i\000n\000a\000t\000i\000o\000n}{section.4.3}% 44
\BOOKMARK [2][-]{subsection.4.3.6}{\376\377\000R\000e\000g\000i\000o\000n\000\040\000D\000e\000s\000c\000r\000i\000p\000t\000i\000o\000n}{section.4.3}% 45
\BOOKMARK [2][-]{subsection.4.3.7}{\376\377\000A\000b\000l\000a\000t\000i\000o\000n\000s}{section.4.3}% 46
\BOOKMARK [1][-]{section.4.4}{\376\377\000C\000o\000n\000c\000l\000u\000s\000i\000o\000n}{chapter.4}% 47
\BOOKMARK [1][-]{section.4.5}{\376\377\000A\000d\000d\000i\000t\000i\000o\000n\000a\000l\000\040\000D\000e\000t\000a\000i\000l\000s}{chapter.4}% 48
\BOOKMARK [2][-]{subsection.4.5.1}{\376\377\000C\000o\000o\000r\000d\000i\000n\000a\000t\000e\000\040\000R\000e\000p\000r\000e\000s\000e\000n\000t\000a\000t\000i\000o\000n\000\040\000D\000e\000t\000a\000i\000l\000s}{section.4.5}% 49
\BOOKMARK [2][-]{subsection.4.5.2}{\376\377\000T\000r\000a\000i\000n\000i\000n\000g\000\040\000P\000r\000o\000m\000p\000t\000\040\000D\000e\000t\000a\000i\000l\000s}{section.4.5}% 50
\BOOKMARK [2][-]{subsection.4.5.3}{\376\377\000D\000a\000t\000a\000s\000e\000t\000\040\000D\000e\000t\000a\000i\000l\000s}{section.4.5}% 51
\BOOKMARK [2][-]{subsection.4.5.4}{\376\377\000V\000i\000d\000e\000o\000\040\000A\000r\000c\000h\000i\000t\000e\000c\000t\000u\000r\000e\000\040\000\046\000\040\000T\000r\000a\000i\000n\000i\000n\000g}{section.4.5}% 52
\BOOKMARK [2][-]{subsection.4.5.5}{\376\377\000S\000p\000a\000t\000i\000a\000l\000\040\000R\000e\000a\000s\000o\000n\000i\000n\000g\000\040\000T\000o\000y\000\040\000E\000x\000p\000e\000r\000i\000m\000e\000n\000t}{section.4.5}% 53
\BOOKMARK [2][-]{subsection.4.5.6}{\376\377\000L\000L\000a\000V\000A\000\040\000D\000a\000t\000a\000s\000e\000t\000\040\000A\000n\000a\000l\000y\000s\000i\000s}{section.4.5}% 54
\BOOKMARK [2][-]{subsection.4.5.7}{\376\377\000L\000i\000m\000i\000t\000a\000t\000i\000o\000n\000s\000\040\000\046\000\040\000B\000r\000o\000a\000d\000e\000r\000\040\000I\000m\000p\000a\000c\000t}{section.4.5}% 55
\BOOKMARK [2][-]{subsection.4.5.8}{\376\377\000Q\000u\000a\000l\000i\000t\000a\000t\000i\000v\000e\000\040\000E\000v\000a\000l\000u\000a\000t\000i\000o\000n}{section.4.5}% 56
\BOOKMARK [0][-]{chapter.5}{\376\377\000U\000n\000d\000e\000r\000s\000t\000a\000n\000d\000i\000n\000g\000\040\000L\000o\000n\000g\000\040\000V\000i\000d\000e\000o\000s\000\040\000w\000i\000t\000h\000\040\000M\000u\000l\000t\000i\000m\000o\000d\000a\000l\000\040\000L\000a\000n\000g\000u\000a\000g\000e\000\040\000M\000o\000d\000e\000l\000s}{}% 57
\BOOKMARK [1][-]{section.5.1}{\376\377\000I\000n\000t\000r\000o\000d\000u\000c\000t\000i\000o\000n}{chapter.5}% 58
\BOOKMARK [1][-]{section.5.2}{\376\377\000N\000a\000i\000v\000e\000\040\000B\000a\000s\000e\000l\000i\000n\000e\000s\000\040\000\046\000\040\000L\000i\000k\000e\000l\000i\000h\000o\000o\000d\000\040\000S\000e\000l\000e\000c\000t\000i\000o\000n}{chapter.5}% 59
\BOOKMARK [2][-]{subsection.5.2.1}{\376\377\000P\000r\000o\000b\000l\000e\000m\000\040\000F\000o\000r\000m\000u\000l\000a\000t\000i\000o\000n}{section.5.2}% 60
\BOOKMARK [2][-]{subsection.5.2.2}{\376\377\000L\000i\000k\000e\000l\000i\000h\000o\000o\000d\000\040\000S\000e\000l\000e\000c\000t\000i\000o\000n}{section.5.2}% 61
\BOOKMARK [2][-]{subsection.5.2.3}{\376\377\000M\000o\000d\000a\000l\000i\000t\000y\000\040\000C\000o\000n\000s\000t\000r\000a\000i\000n\000e\000d\000\040\000V\000a\000r\000i\000a\000n\000t\000s}{section.5.2}% 62
\BOOKMARK [1][-]{section.5.3}{\376\377\000M\000u\000l\000t\000i\000m\000o\000d\000a\000l\000\040\000V\000i\000d\000e\000o\000\040\000U\000n\000d\000e\000r\000s\000t\000a\000n\000d\000i\000n\000g\000\040\000F\000r\000a\000m\000e\000w\000o\000r\000k}{chapter.5}% 63
\BOOKMARK [2][-]{subsection.5.3.1}{\376\377\000V\000i\000s\000i\000o\000n\000\040\000T\000o\000o\000l\000s\000\040\000f\000o\000r\000\040\000V\000i\000d\000e\000o\000\040\000A\000n\000a\000l\000y\000s\000i\000s}{section.5.3}% 64
\BOOKMARK [2][-]{subsection.5.3.2}{\376\377\000O\000b\000j\000e\000c\000t\000-\000C\000e\000n\000t\000r\000i\000c\000\040\000I\000n\000f\000o\000r\000m\000a\000t\000i\000o\000n\000\040\000M\000o\000d\000a\000l\000i\000t\000i\000e\000s}{section.5.3}% 65
\BOOKMARK [2][-]{subsection.5.3.3}{\376\377\000L\000a\000n\000g\000u\000a\000g\000e\000\040\000b\000a\000s\000e\000d\000\040\000F\000u\000s\000i\000o\000n}{section.5.3}% 66
\BOOKMARK [1][-]{section.5.4}{\376\377\000E\000x\000p\000e\000r\000i\000m\000e\000n\000t\000s}{chapter.5}% 67
\BOOKMARK [2][-]{subsection.5.4.1}{\376\377\000L\000o\000n\000g\000\040\000V\000i\000d\000e\000o\000\040\000Q\000u\000e\000s\000t\000i\000o\000n\000\040\000A\000n\000s\000w\000e\000r\000i\000n\000g}{section.5.4}% 68
\BOOKMARK [2][-]{subsection.5.4.2}{\376\377\000R\000o\000b\000o\000t\000i\000c\000s\000\040\000D\000o\000m\000a\000i\000n\000\040\000A\000c\000t\000i\000o\000n\000\040\000R\000e\000c\000o\000g\000n\000i\000t\000i\000o\000n}{section.5.4}% 69
\BOOKMARK [2][-]{subsection.5.4.3}{\376\377\000A\000b\000l\000a\000t\000i\000o\000n\000s}{section.5.4}% 70
\BOOKMARK [1][-]{section.5.5}{\376\377\000C\000o\000n\000c\000l\000u\000s\000i\000o\000n}{chapter.5}% 71
\BOOKMARK [1][-]{section.5.6}{\376\377\000A\000d\000d\000i\000t\000i\000o\000n\000a\000l\000\040\000D\000e\000t\000a\000i\000l\000s}{chapter.5}% 72
\BOOKMARK [2][-]{subsection.5.6.1}{\376\377\000P\000r\000o\000m\000p\000t\000i\000n\000g\000\040\000a\000n\000d\000\040\000T\000e\000m\000p\000l\000a\000t\000e\000\040\000O\000p\000e\000r\000a\000t\000i\000o\000n\000s}{section.5.6}% 73
\BOOKMARK [2][-]{subsection.5.6.2}{\376\377\000D\000e\000t\000a\000i\000l\000s\000\040\000o\000n\000\040\000P\000r\000e\000t\000r\000a\000i\000n\000e\000d\000\040\000M\000o\000d\000e\000l\000s\000\040\000a\000n\000d\000\040\000D\000a\000t\000a\000s\000e\000t\000s}{section.5.6}% 74
\BOOKMARK [2][-]{subsection.5.6.3}{\376\377\000D\000e\000t\000a\000i\000l\000s\000\040\000o\000n\000\040\000B\000a\000s\000e\000l\000i\000n\000e\000s}{section.5.6}% 75
\BOOKMARK [2][-]{subsection.5.6.4}{\376\377\000R\000o\000b\000o\000t\000i\000c\000s\000\040\000D\000o\000m\000a\000i\000n\000\040\000D\000a\000t\000a\000s\000e\000t\000\040\000D\000e\000t\000a\000i\000l\000s}{section.5.6}% 76
\BOOKMARK [2][-]{subsection.5.6.5}{\376\377\000D\000i\000s\000c\000u\000s\000s\000i\000o\000n\000\040\000o\000n\000\040\000M\000o\000d\000a\000l\000i\000t\000y\000\040\000C\000o\000n\000s\000t\000r\000a\000i\000n\000e\000d\000\040\000E\000v\000a\000l\000u\000a\000t\000i\000o\000n}{section.5.6}% 77
\BOOKMARK [2][-]{subsection.5.6.6}{\376\377\000L\000i\000k\000e\000l\000i\000h\000o\000o\000d\000\040\000S\000e\000l\000e\000c\000t\000i\000o\000n}{section.5.6}% 78
\BOOKMARK [2][-]{subsection.5.6.7}{\376\377\000I\000m\000p\000l\000e\000m\000e\000n\000t\000a\000t\000i\000o\000n\000\040\000D\000e\000t\000a\000i\000l\000s}{section.5.6}% 79
\BOOKMARK [2][-]{subsection.5.6.8}{\376\377\000D\000i\000s\000t\000i\000n\000c\000t\000i\000o\000n\000\040\000f\000r\000o\000m\000\040\000E\000x\000a\000c\000t\000\040\000M\000a\000t\000c\000h}{section.5.6}% 80
\BOOKMARK [2][-]{subsection.5.6.9}{\376\377\000D\000e\000t\000a\000i\000l\000e\000d\000\040\000P\000r\000o\000m\000p\000t\000i\000n\000g\000\040\000E\000x\000a\000m\000p\000l\000e}{section.5.6}% 81
\BOOKMARK [2][-]{subsection.5.6.10}{\376\377\000O\000p\000e\000n\000-\000E\000n\000d\000e\000d\000\040\000V\000i\000d\000e\000o\000\040\000Q\000u\000e\000s\000t\000i\000o\000n\000\040\000A\000n\000s\000w\000e\000r\000i\000n\000g}{section.5.6}% 82
\BOOKMARK [2][-]{subsection.5.6.11}{\376\377\000L\000o\000n\000g\000e\000r\000\040\000V\000i\000d\000e\000o\000\040\000Q\000u\000e\000s\000t\000i\000o\000n\000\040\000A\000n\000s\000w\000e\000r\000i\000n\000g}{section.5.6}% 83
\BOOKMARK [2][-]{subsection.5.6.12}{\376\377\000A\000d\000d\000i\000t\000i\000o\000n\000a\000l\000\040\000A\000b\000l\000a\000t\000i\000o\000n\000s}{section.5.6}% 84
\BOOKMARK [2][-]{subsection.5.6.13}{\376\377\000T\000o\000k\000e\000n\000i\000z\000a\000t\000i\000o\000n\000\040\000i\000n\000\040\000L\000L\000M\000s}{section.5.6}% 85
\BOOKMARK [2][-]{subsection.5.6.14}{\376\377\000L\000L\000M\000\040\000C\000o\000n\000t\000e\000x\000t\000\040\000L\000e\000n\000g\000t\000h}{section.5.6}% 86
\BOOKMARK [2][-]{subsection.5.6.15}{\376\377\000A\000d\000d\000i\000t\000i\000o\000n\000a\000l\000\040\000B\000a\000s\000e\000l\000i\000n\000e\000s}{section.5.6}% 87
\BOOKMARK [0][-]{chapter.6}{\376\377\000P\000i\000x\000e\000l\000\040\000M\000o\000t\000i\000o\000n\000\040\000a\000s\000\040\000U\000n\000i\000v\000e\000r\000s\000a\000l\000\040\000R\000e\000p\000r\000e\000s\000e\000n\000t\000a\000t\000i\000o\000n\000\040\000f\000o\000r\000\040\000R\000o\000b\000o\000t\000\040\000C\000o\000n\000t\000r\000o\000l}{}% 88
\BOOKMARK [1][-]{section.6.1}{\376\377\000I\000n\000t\000r\000o\000d\000u\000c\000t\000i\000o\000n}{chapter.6}% 89
\BOOKMARK [1][-]{section.6.2}{\376\377\000M\000e\000t\000h\000o\000d\000o\000l\000o\000g\000y}{chapter.6}% 90
\BOOKMARK [2][-]{subsection.6.2.1}{\376\377\000S\000y\000s\000t\000e\000m\000\040\0002\000:\000\040\000P\000i\000x\000e\000l\000\040\000M\000o\000t\000i\000o\000n\000\040\000F\000o\000r\000e\000c\000a\000s\000t}{section.6.2}% 91
\BOOKMARK [2][-]{subsection.6.2.2}{\376\377\000D\000i\000f\000f\000u\000s\000i\000o\000n\000\040\000b\000a\000s\000e\000d\000\040\000M\000o\000t\000i\000o\000n\000\040\000R\000e\000p\000r\000e\000s\000e\000n\000t\000a\000t\000i\000o\000n\000\040\000L\000e\000a\000r\000n\000i\000n\000g}{section.6.2}% 92
\BOOKMARK [2][-]{subsection.6.2.3}{\376\377\000S\000y\000s\000t\000e\000m\000\040\0001\000:\000\040\000P\000i\000x\000e\000l\000\040\000M\000o\000t\000i\000o\000n\000\040\000t\000o\000\040\000A\000c\000t\000i\000o\000n\000\040\000M\000a\000p\000p\000i\000n\000g}{section.6.2}% 93
\BOOKMARK [1][-]{section.6.3}{\376\377\000E\000x\000p\000e\000r\000i\000m\000e\000n\000t\000a\000l\000\040\000R\000e\000s\000u\000l\000t\000s}{chapter.6}% 94
\BOOKMARK [2][-]{subsection.6.3.1}{\376\377\000M\000e\000t\000a\000W\000o\000r\000l\000d\000\040\000S\000i\000m\000u\000l\000a\000t\000e\000d\000\040\000E\000n\000v\000i\000r\000o\000n\000m\000e\000n\000t}{section.6.3}% 95
\BOOKMARK [2][-]{subsection.6.3.2}{\376\377\000R\000e\000a\000l\000-\000W\000o\000r\000l\000d\000\040\000E\000n\000v\000i\000r\000o\000n\000m\000e\000n\000t}{section.6.3}% 96
\BOOKMARK [2][-]{subsection.6.3.3}{\376\377\000A\000b\000l\000a\000t\000i\000o\000n\000\040\000S\000t\000u\000d\000i\000e\000s}{section.6.3}% 97
\BOOKMARK [1][-]{section.6.4}{\376\377\000C\000o\000n\000c\000l\000u\000s\000i\000o\000n}{chapter.6}% 98
\BOOKMARK [1][-]{section.6.5}{\376\377\000A\000d\000d\000i\000t\000i\000o\000n\000a\000l\000\040\000D\000e\000t\000a\000i\000l\000s}{chapter.6}% 99
\BOOKMARK [2][-]{subsection.6.5.1}{\376\377\000A\000d\000d\000i\000t\000i\000o\000n\000a\000l\000\040\000E\000x\000p\000e\000r\000i\000m\000e\000n\000t\000a\000l\000\040\000R\000e\000s\000u\000l\000t\000s}{section.6.5}% 100
\BOOKMARK [2][-]{subsection.6.5.2}{\376\377\000R\000e\000l\000a\000t\000i\000v\000e\000\040\000P\000i\000x\000e\000l\000\040\000M\000o\000t\000i\000o\000n}{section.6.5}% 101
\BOOKMARK [2][-]{subsection.6.5.3}{\376\377\000L\000a\000n\000g\000u\000a\000g\000e\000\040\000E\000m\000b\000e\000d\000d\000i\000n\000g\000\040\000M\000o\000d\000e\000l}{section.6.5}% 102
\BOOKMARK [2][-]{subsection.6.5.4}{\376\377\000D\000i\000f\000f\000u\000s\000i\000o\000n\000\040\000M\000o\000d\000e\000l\000\040\000D\000e\000t\000a\000i\000l\000s}{section.6.5}% 103
\BOOKMARK [2][-]{subsection.6.5.5}{\376\377\000H\000a\000n\000d\000-\000C\000r\000a\000f\000t\000e\000d\000\040\000M\000a\000p\000p\000i\000n\000g\000\040\000F\000u\000n\000c\000t\000i\000o\000n\000s}{section.6.5}% 104
\BOOKMARK [2][-]{subsection.6.5.6}{\376\377\000R\000e\000a\000l\000\040\000W\000o\000r\000l\000d\000\040\000E\000x\000p\000e\000r\000i\000m\000e\000n\000t\000s}{section.6.5}% 105
\BOOKMARK [2][-]{subsection.6.5.7}{\376\377\000B\000a\000s\000e\000l\000i\000n\000e\000\040\000D\000e\000t\000a\000i\000l\000s}{section.6.5}% 106
\BOOKMARK [2][-]{subsection.6.5.8}{\376\377\000D\000e\000t\000a\000i\000l\000e\000d\000\040\000A\000b\000l\000a\000t\000i\000o\000n\000s}{section.6.5}% 107
\BOOKMARK [0][-]{chapter.7}{\376\377\000C\000o\000n\000c\000l\000u\000s\000i\000o\000n\000\040\000a\000n\000d\000\040\000F\000u\000t\000u\000r\000e\000\040\000W\000o\000r\000k}{}% 108
\BOOKMARK [1][-]{section.7.1}{\376\377\000C\000o\000n\000t\000e\000m\000p\000o\000r\000a\000r\000y\000\040\000W\000o\000r\000k\000\040\000a\000n\000d\000\040\000I\000m\000p\000a\000c\000t}{chapter.7}% 109
\BOOKMARK [1][-]{section.7.2}{\376\377\000F\000u\000t\000u\000r\000e\000\040\000W\000o\000r\000k}{chapter.7}% 110
\BOOKMARK [2][-]{subsection.7.2.1}{\376\377\0003\000D\000\040\000A\000w\000a\000r\000e\000\040\000M\000o\000t\000i\000o\000n\000\040\000M\000o\000d\000e\000l\000i\000n\000g}{section.7.2}% 111
\BOOKMARK [2][-]{subsection.7.2.2}{\376\377\000C\000o\000m\000p\000a\000t\000i\000b\000i\000l\000i\000t\000y\000\040\000w\000i\000t\000h\000\040\000E\000g\000o\000\040\000M\000o\000t\000i\000o\000n\000\040\000i\000n\000\040\000V\000i\000d\000e\000o\000s}{section.7.2}% 112
\BOOKMARK [0][-]{chapter*.70}{\376\377\000B\000i\000b\000l\000i\000o\000g\000r\000a\000p\000h\000y}{}% 113
